Build started 12/27/2014 5:42:20 PM.
     1>Project "C:\Users\GEMISIS\Documents\GitHub\Maze-Game\Maze-Game\Maze-Game.vcxproj" on node 2 (Build target(s)).
     1>ClCompile:
         C:\Program Files (x86)\Microsoft Visual Studio 12.0\VC\bin\CL.exe /c /ZI /nologo /W3 /WX- /sdl /Od /Oy- /D _MBCS /Gm /EHsc /RTC1 /MDd /GS /fp:precise /Zc:wchar_t /Zc:forScope /Fo"Debug\\" /Fd"Debug\vc120.pdb" /Gd /TP /analyze- /errorReport:prompt main_game.cpp winning_screen.cpp
         winning_screen.cpp
     1>c:\users\gemisis\documents\github\maze-game\maze-game\winning_screen.cpp(14): warning C4244: 'argument' : conversion from 'unsigned int' to 'float', possible loss of data
         main_game.cpp
     1>c:\users\gemisis\documents\github\maze-game\maze-game\maincharacter.h(18): warning C4244: '=' : conversion from 'int' to 'float', possible loss of data
     1>c:\users\gemisis\documents\github\maze-game\maze-game\maincharacter.h(19): warning C4244: '=' : conversion from 'int' to 'float', possible loss of data
     1>c:\users\gemisis\documents\github\maze-game\maze-game\main_game.cpp(177): warning C4244: 'argument' : conversion from 'int' to 'float', possible loss of data
         Generating Code...
       Link:
         C:\Program Files (x86)\Microsoft Visual Studio 12.0\VC\bin\link.exe /ERRORREPORT:PROMPT /OUT:"C:\Users\GEMISIS\Documents\GitHub\Maze-Game\Debug\Maze-Game.exe" /INCREMENTAL /NOLOGO "sfml-graphics-d.lib" "sfml-main-d.lib" "sfml-system-d.lib" "sfml-window-d.lib" kernel32.lib user32.lib gdi32.lib winspool.lib comdlg32.lib advapi32.lib shell32.lib ole32.lib oleaut32.lib uuid.lib odbc32.lib odbccp32.lib /MANIFEST /MANIFESTUAC:"level='asInvoker' uiAccess='false'" /manifest:embed /DEBUG /PDB:"C:\Users\GEMISIS\Documents\GitHub\Maze-Game\Debug\Maze-Game.pdb" /TLBID:1 /DYNAMICBASE /NXCOMPAT /IMPLIB:"C:\Users\GEMISIS\Documents\GitHub\Maze-Game\Debug\Maze-Game.lib" /MACHINE:X86 Debug\game_over.obj
         Debug\main.obj
         Debug\main_menu.obj
         Debug\main_game.obj
         Debug\winning_screen.obj
         Maze-Game.vcxproj -> C:\Users\GEMISIS\Documents\GitHub\Maze-Game\Debug\Maze-Game.exe
     1>Done Building Project "C:\Users\GEMISIS\Documents\GitHub\Maze-Game\Maze-Game\Maze-Game.vcxproj" (Build target(s)).

Build succeeded.

Time Elapsed 00:00:02.43
